<?xml version="1.0" encoding="UTF-8"?>
<!-- Generated by org.testng.reporters.JUnitXMLReporter -->
<testsuite ignored="0" hostname="LAPTOP-34FHAUTJ" failures="1" tests="1" name="Test" time="8.616" errors="0" timestamp="2022-02-11T19:26:40 EST">
  <testcase classname="com.w2a.testcases.LoginTest" name="loginTest" time="8.575">
    <failure type="java.lang.NullPointerException" message="Cannot invoke &amp;quot;com.relevantcodes.extentreports.ExtentTest.log(com.relevantcodes.extentreports.LogStatus, String)&amp;quot; because &amp;quot;com.w2a.BaseClass.PageClass.test&amp;quot; is null">
      <![CDATA[java.lang.NullPointerException: Cannot invoke "com.relevantcodes.extentreports.ExtentTest.log(com.relevantcodes.extentreports.LogStatus, String)" because "com.w2a.BaseClass.PageClass.test" is null
at com.w2a.BaseClass.PageClass.click(PageClass.java:138)
at org.w2a.Pages.HomePage.goToSignin(HomePage.java:17)
at com.w2a.testcases.LoginTest.loginTest(LoginTest.java:14)
at java.base/java.util.ArrayList.forEach(ArrayList.java:1511)
... Removed 27 stack frames]]>
    </failure>
  </testcase> <!-- loginTest -->
</testsuite> <!-- Test -->
